\BOOKMARK [0][-]{Doc-Start}{\376\377\000R\000e\000s\000u\000m\000e\000n}{}% 1
\BOOKMARK [0][-]{Doc-Start}{\376\377\000A\000b\000s\000t\000r\000a\000c\000t}{}% 2
\BOOKMARK [0][-]{chapter*.1}{\376\377\000\315\000n\000d\000i\000c\000e\000\040\000g\000e\000n\000e\000r\000a\000l}{}% 3
\BOOKMARK [0][-]{chapter*.3}{\376\377\0001\000.\000\040\000I\000n\000t\000r\000o\000d\000u\000c\000c\000i\000\363\000n}{}% 4
\BOOKMARK [1][-]{section.1.1}{\376\377\000C\000o\000n\000t\000e\000x\000t\000o\000\040\000a\000c\000a\000d\000\351\000m\000i\000c\000o}{chapter*.3}% 5
\BOOKMARK [1][-]{section.1.2}{\376\377\000J\000u\000s\000t\000i\000f\000i\000c\000a\000c\000i\000\363\000n\000\040\000y\000\040\000m\000o\000t\000i\000v\000a\000c\000i\000\363\000n\000\040\000d\000e\000l\000\040\000p\000r\000o\000y\000e\000c\000t\000o}{chapter*.3}% 6
\BOOKMARK [1][-]{section.1.3}{\376\377\000O\000b\000j\000e\000t\000i\000v\000o\000s\000\040\000g\000e\000n\000e\000r\000a\000l\000e\000s}{chapter*.3}% 7
\BOOKMARK [1][-]{section.1.4}{\376\377\000E\000n\000t\000r\000e\000g\000a\000b\000l\000e\000s\000\040\000y\000\040\000r\000e\000p\000o\000s\000i\000t\000o\000r\000i\000o}{chapter*.3}% 8
\BOOKMARK [0][-]{chapter*.5}{\376\377\0002\000.\000\040\000O\000b\000j\000e\000t\000i\000v\000o\000s\000\040\000d\000e\000l\000\040\000P\000r\000o\000y\000e\000c\000t\000o}{}% 9
\BOOKMARK [1][-]{section.2.1}{\376\377\000O\000b\000j\000e\000t\000i\000v\000o\000s\000\040\000f\000u\000n\000c\000i\000o\000n\000a\000l\000e\000s}{chapter*.5}% 10
\BOOKMARK [1][-]{section.2.2}{\376\377\000O\000b\000j\000e\000t\000i\000v\000o\000s\000\040\000t\000\351\000c\000n\000i\000c\000o\000s}{chapter*.5}% 11
\BOOKMARK [1][-]{section.2.3}{\376\377\000O\000b\000j\000e\000t\000i\000v\000o\000s\000\040\000p\000e\000r\000s\000o\000n\000a\000l\000e\000s}{chapter*.5}% 12
\BOOKMARK [0][-]{chapter*.7}{\376\377\0003\000.\000\040\000C\000o\000n\000c\000e\000p\000t\000o\000s\000\040\000T\000e\000\363\000r\000i\000c\000o\000s}{}% 13
\BOOKMARK [1][-]{section.3.1}{\376\377\000C\000o\000n\000t\000e\000x\000t\000o\000\040\000s\000a\000n\000i\000t\000a\000r\000i\000o}{chapter*.7}% 14
\BOOKMARK [1][-]{section.3.2}{\376\377\000I\000n\000g\000e\000n\000i\000e\000r\000\355\000a\000\040\000d\000e\000l\000\040\000s\000o\000f\000t\000w\000a\000r\000e\000\040\000y\000\040\000m\000e\000t\000o\000d\000o\000l\000o\000g\000\355\000a}{chapter*.7}% 15
\BOOKMARK [1][-]{section.3.3}{\376\377\000P\000a\000t\000r\000o\000n\000e\000s\000\040\000d\000e\000\040\000d\000i\000s\000e\000\361\000o\000\040\000y\000\040\000a\000r\000q\000u\000i\000t\000e\000c\000t\000u\000r\000a\000\040\000a\000p\000l\000i\000c\000a\000d\000a}{chapter*.7}% 16
\BOOKMARK [1][-]{section.3.4}{\376\377\000C\000o\000n\000c\000e\000p\000t\000o\000s\000\040\000T\000\351\000c\000n\000i\000c\000o\000s\000\040\000d\000e\000\040\000I\000m\000p\000l\000e\000m\000e\000n\000t\000a\000c\000i\000\363\000n}{chapter*.7}% 17
\BOOKMARK [1][-]{section.3.5}{\376\377\000S\000e\000g\000u\000r\000i\000d\000a\000d\000\040\000y\000\040\000p\000r\000i\000v\000a\000c\000i\000d\000a\000d}{chapter*.7}% 18
\BOOKMARK [0][-]{chapter*.9}{\376\377\0004\000.\000\040\000T\000\351\000c\000n\000i\000c\000a\000s\000\040\000y\000\040\000H\000e\000r\000r\000a\000m\000i\000e\000n\000t\000a\000s}{}% 19
\BOOKMARK [1][-]{section.4.1}{\376\377\000H\000e\000r\000r\000a\000m\000i\000e\000n\000t\000a\000s\000\040\000d\000e\000\040\000p\000r\000o\000g\000r\000a\000m\000a\000c\000i\000\363\000n}{chapter*.9}% 20
\BOOKMARK [1][-]{section.4.2}{\376\377\000B\000i\000b\000l\000i\000o\000t\000e\000c\000a\000s}{chapter*.9}% 21
\BOOKMARK [1][-]{section.4.3}{\376\377\000G\000e\000s\000t\000i\000\363\000n\000\040\000d\000e\000\040\000d\000a\000t\000o\000s}{chapter*.9}% 22
\BOOKMARK [1][-]{section.4.4}{\376\377\000G\000e\000s\000t\000i\000\363\000n\000\040\000d\000e\000\040\000p\000r\000o\000y\000e\000c\000t\000o}{chapter*.9}% 23
\BOOKMARK [0][-]{chapter*.11}{\376\377\0005\000.\000\040\000A\000s\000p\000e\000c\000t\000o\000s\000\040\000R\000e\000l\000e\000v\000a\000n\000t\000e\000s\000\040\000d\000e\000l\000\040\000D\000e\000s\000a\000r\000r\000o\000l\000l\000o}{}% 24
\BOOKMARK [1][-]{section.5.1}{\376\377\000F\000a\000s\000e\000\040\000d\000e\000\040\000s\000e\000l\000e\000c\000c\000i\000\363\000n\000\040\000d\000e\000\040\000s\000o\000f\000t\000w\000a\000r\000e}{chapter*.11}% 25
\BOOKMARK [1][-]{section.5.2}{\376\377\000F\000a\000s\000e\000\040\000d\000e\000\040\000d\000e\000f\000i\000n\000i\000c\000i\000\363\000n\000\040\000d\000e\000\040\000r\000e\000q\000u\000i\000s\000i\000t\000o\000s\000\040\000y\000\040\000f\000u\000n\000c\000i\000o\000n\000a\000l\000i\000d\000a\000d\000e\000s}{chapter*.11}% 26
\BOOKMARK [1][-]{section.5.3}{\376\377\000F\000a\000s\000e\000\040\000d\000e\000\040\000d\000i\000s\000e\000\361\000o\000\040\000e\000\040\000i\000m\000p\000l\000e\000m\000e\000n\000t\000a\000c\000i\000\363\000n}{chapter*.11}% 27
\BOOKMARK [1][-]{section.5.4}{\376\377\000F\000a\000s\000e\000\040\000d\000e\000\040\000d\000e\000s\000a\000r\000r\000o\000l\000l\000o\000\040\000d\000e\000\040\000l\000a\000\040\000A\000P\000I\000\040\000R\000E\000S\000T}{chapter*.11}% 28
\BOOKMARK [1][-]{section.5.5}{\376\377\000F\000a\000s\000e\000\040\000d\000e\000\040\000c\000r\000e\000a\000c\000i\000\363\000n\000\040\000d\000e\000\040\000a\000p\000l\000i\000c\000a\000c\000i\000\363\000n\000\040\000m\000\363\000v\000i\000l}{chapter*.11}% 29
\BOOKMARK [1][-]{section.5.6}{\376\377\000F\000a\000s\000e\000\040\000d\000e\000\040\000g\000e\000s\000t\000i\000\363\000n\000\040\000d\000e\000\040\000v\000\355\000d\000e\000o\000s}{chapter*.11}% 30
\BOOKMARK [0][-]{chapter*.27}{\376\377\0006\000.\000\040\000T\000r\000a\000b\000a\000j\000o\000s\000\040\000R\000e\000l\000a\000c\000i\000o\000n\000a\000d\000o\000s}{}% 31
\BOOKMARK [1][-]{section.6.1}{\376\377\000A\000n\000t\000e\000c\000e\000d\000e\000n\000t\000e\000s\000\040\000A\000c\000a\000d\000\351\000m\000i\000c\000o\000s\000:\000\040\000T\000F\000M}{chapter*.27}% 32
\BOOKMARK [1][-]{section.6.2}{\376\377\000A\000n\000t\000e\000c\000e\000d\000e\000n\000t\000e\000s\000\040\000A\000c\000a\000d\000\351\000m\000i\000c\000o\000s\000:\000\040\000T\000F\000G}{chapter*.27}% 33
\BOOKMARK [1][-]{section.6.3}{\376\377\000S\000o\000l\000u\000c\000i\000o\000n\000e\000s\000\040\000C\000o\000m\000e\000r\000c\000i\000a\000l\000e\000s\000\040\000d\000e\000\040\000R\000e\000f\000e\000r\000e\000n\000c\000i\000a}{chapter*.27}% 34
\BOOKMARK [0][-]{chapter*.36}{\376\377\0007\000.\000\040\000C\000o\000n\000c\000l\000u\000s\000i\000o\000n\000e\000s\000\040\000y\000\040\000L\000\355\000n\000e\000a\000s\000\040\000d\000e\000\040\000t\000r\000a\000b\000a\000j\000o\000\040\000f\000u\000t\000u\000r\000a\000s}{}% 35
\BOOKMARK [1][-]{section.7.1}{\376\377\000C\000o\000n\000c\000l\000u\000s\000i\000o\000n\000e\000s}{chapter*.36}% 36
\BOOKMARK [1][-]{section.7.2}{\376\377\000L\000\355\000n\000e\000a\000s\000\040\000d\000e\000\040\000t\000r\000a\000b\000a\000j\000o\000\040\000f\000u\000t\000u\000r\000a\000s}{chapter*.36}% 37
\BOOKMARK [0][-]{chapter*.42}{\376\377\000B\000i\000b\000l\000i\000o\000g\000r\000a\000f\000\355\000a}{}% 38
